<?xml version="1.0" encoding="UTF-8"?>
<testsuite xmlns:xsi="http://www.w3.org/2001/XMLSchema-instance" xsi:noNamespaceSchemaLocation="https://maven.apache.org/surefire/maven-surefire-plugin/xsd/surefire-test-report-3.0.xsd" version="3.0" name="ValidatorServiceImplTest" time="1.01" tests="6" errors="0" skipped="0" failures="0">
  <properties>
    <property name="java.specification.version" value="22"/>
    <property name="sun.jnu.encoding" value="UTF-8"/>
    <property name="java.class.path" value="/Users/mohammedazam/cinema-tickets/cinema-tickets-java/target/test-classes:/Users/mohammedazam/cinema-tickets/cinema-tickets-java/target/classes:/Users/mohammedazam/.m2/repository/org/mockito/mockito-core/4.0.0/mockito-core-4.0.0.jar:/Users/mohammedazam/.m2/repository/net/bytebuddy/byte-buddy/1.11.19/byte-buddy-1.11.19.jar:/Users/mohammedazam/.m2/repository/net/bytebuddy/byte-buddy-agent/1.11.19/byte-buddy-agent-1.11.19.jar:/Users/mohammedazam/.m2/repository/org/objenesis/objenesis/3.2/objenesis-3.2.jar:/Users/mohammedazam/.m2/repository/org/slf4j/slf4j-api/1.7.32/slf4j-api-1.7.32.jar:/Users/mohammedazam/.m2/repository/ch/qos/logback/logback-classic/1.2.6/logback-classic-1.2.6.jar:/Users/mohammedazam/.m2/repository/ch/qos/logback/logback-core/1.2.6/logback-core-1.2.6.jar:/Users/mohammedazam/.m2/repository/org/junit/jupiter/junit-jupiter-api/5.10.0/junit-jupiter-api-5.10.0.jar:/Users/mohammedazam/.m2/repository/org/opentest4j/opentest4j/1.3.0/opentest4j-1.3.0.jar:/Users/mohammedazam/.m2/repository/org/junit/platform/junit-platform-commons/1.10.0/junit-platform-commons-1.10.0.jar:/Users/mohammedazam/.m2/repository/org/apiguardian/apiguardian-api/1.1.2/apiguardian-api-1.1.2.jar:/Users/mohammedazam/.m2/repository/org/junit/jupiter/junit-jupiter-engine/5.10.0/junit-jupiter-engine-5.10.0.jar:/Users/mohammedazam/.m2/repository/org/junit/platform/junit-platform-engine/1.10.0/junit-platform-engine-1.10.0.jar:"/>
    <property name="java.vm.vendor" value="Oracle Corporation"/>
    <property name="sun.arch.data.model" value="64"/>
    <property name="java.vendor.url" value="https://java.oracle.com/"/>
    <property name="user.timezone" value="Europe/London"/>
    <property name="os.name" value="Mac OS X"/>
    <property name="java.vm.specification.version" value="22"/>
    <property name="sun.java.launcher" value="SUN_STANDARD"/>
    <property name="user.country" value="GB"/>
    <property name="sun.boot.library.path" value="/Users/mohammedazam/Library/Java/JavaVirtualMachines/openjdk-22.0.2/Contents/Home/lib"/>
    <property name="sun.java.command" value="/Users/mohammedazam/cinema-tickets/cinema-tickets-java/target/surefire/surefirebooter9863767129398027508.jar /Users/mohammedazam/cinema-tickets/cinema-tickets-java/target/surefire 2024-10-05T12-30-52_228-jvmRun1 surefire7000285975863371865tmp surefire_08720976205092272227tmp"/>
    <property name="http.nonProxyHosts" value="local|*.local|169.254/16|*.169.254/16"/>
    <property name="jdk.debug" value="release"/>
    <property name="surefire.test.class.path" value="/Users/mohammedazam/cinema-tickets/cinema-tickets-java/target/test-classes:/Users/mohammedazam/cinema-tickets/cinema-tickets-java/target/classes:/Users/mohammedazam/.m2/repository/org/mockito/mockito-core/4.0.0/mockito-core-4.0.0.jar:/Users/mohammedazam/.m2/repository/net/bytebuddy/byte-buddy/1.11.19/byte-buddy-1.11.19.jar:/Users/mohammedazam/.m2/repository/net/bytebuddy/byte-buddy-agent/1.11.19/byte-buddy-agent-1.11.19.jar:/Users/mohammedazam/.m2/repository/org/objenesis/objenesis/3.2/objenesis-3.2.jar:/Users/mohammedazam/.m2/repository/org/slf4j/slf4j-api/1.7.32/slf4j-api-1.7.32.jar:/Users/mohammedazam/.m2/repository/ch/qos/logback/logback-classic/1.2.6/logback-classic-1.2.6.jar:/Users/mohammedazam/.m2/repository/ch/qos/logback/logback-core/1.2.6/logback-core-1.2.6.jar:/Users/mohammedazam/.m2/repository/org/junit/jupiter/junit-jupiter-api/5.10.0/junit-jupiter-api-5.10.0.jar:/Users/mohammedazam/.m2/repository/org/opentest4j/opentest4j/1.3.0/opentest4j-1.3.0.jar:/Users/mohammedazam/.m2/repository/org/junit/platform/junit-platform-commons/1.10.0/junit-platform-commons-1.10.0.jar:/Users/mohammedazam/.m2/repository/org/apiguardian/apiguardian-api/1.1.2/apiguardian-api-1.1.2.jar:/Users/mohammedazam/.m2/repository/org/junit/jupiter/junit-jupiter-engine/5.10.0/junit-jupiter-engine-5.10.0.jar:/Users/mohammedazam/.m2/repository/org/junit/platform/junit-platform-engine/1.10.0/junit-platform-engine-1.10.0.jar:"/>
    <property name="sun.cpu.endian" value="little"/>
    <property name="user.home" value="/Users/mohammedazam"/>
    <property name="user.language" value="en"/>
    <property name="java.specification.vendor" value="Oracle Corporation"/>
    <property name="java.version.date" value="2024-07-16"/>
    <property name="java.home" value="/Users/mohammedazam/Library/Java/JavaVirtualMachines/openjdk-22.0.2/Contents/Home"/>
    <property name="file.separator" value="/"/>
    <property name="basedir" value="/Users/mohammedazam/cinema-tickets/cinema-tickets-java"/>
    <property name="java.vm.compressedOopsMode" value="Zero based"/>
    <property name="line.separator" value="&#10;"/>
    <property name="java.vm.specification.vendor" value="Oracle Corporation"/>
    <property name="java.specification.name" value="Java Platform API Specification"/>
    <property name="apple.awt.application.name" value="ForkedBooter"/>
    <property name="surefire.real.class.path" value="/Users/mohammedazam/cinema-tickets/cinema-tickets-java/target/surefire/surefirebooter9863767129398027508.jar"/>
    <property name="sun.management.compiler" value="HotSpot 64-Bit Tiered Compilers"/>
    <property name="ftp.nonProxyHosts" value="local|*.local|169.254/16|*.169.254/16"/>
    <property name="java.runtime.version" value="22.0.2+9-70"/>
    <property name="user.name" value="mohammedazam"/>
    <property name="stdout.encoding" value="UTF-8"/>
    <property name="path.separator" value=":"/>
    <property name="os.version" value="14.6.1"/>
    <property name="java.runtime.name" value="OpenJDK Runtime Environment"/>
    <property name="file.encoding" value="UTF-8"/>
    <property name="java.vm.name" value="OpenJDK 64-Bit Server VM"/>
    <property name="localRepository" value="/Users/mohammedazam/.m2/repository"/>
    <property name="java.vendor.url.bug" value="https://bugreport.java.com/bugreport/"/>
    <property name="java.io.tmpdir" value="/var/folders/69/0fk3wzhj64s98kcs80mqwr1c0000gn/T/"/>
    <property name="idea.version" value="2023.1.2"/>
    <property name="java.version" value="22.0.2"/>
    <property name="user.dir" value="/Users/mohammedazam/cinema-tickets/cinema-tickets-java"/>
    <property name="os.arch" value="x86_64"/>
    <property name="java.vm.specification.name" value="Java Virtual Machine Specification"/>
    <property name="native.encoding" value="UTF-8"/>
    <property name="java.library.path" value="/Users/mohammedazam/Library/Java/Extensions:/Library/Java/Extensions:/Network/Library/Java/Extensions:/System/Library/Java/Extensions:/usr/lib/java:."/>
    <property name="java.vm.info" value="mixed mode, sharing"/>
    <property name="stderr.encoding" value="UTF-8"/>
    <property name="java.vendor" value="Oracle Corporation"/>
    <property name="java.vm.version" value="22.0.2+9-70"/>
    <property name="sun.io.unicode.encoding" value="UnicodeBig"/>
    <property name="socksNonProxyHosts" value="local|*.local|169.254/16|*.169.254/16"/>
    <property name="java.class.version" value="66.0"/>
  </properties>
  <testcase name="validateTickets_NoAdultTicket_ThrowsException" classname="ValidatorServiceImplTest" time="0.887">
    <system-out><![CDATA[12:30:54.857 [main] ERROR uk.gov.dwp.uc.pairtest.validation.ValidatorServiceImpl - Child and Infant tickets require at least one Adult ticket.
]]></system-out>
  </testcase>
  <testcase name="validateTickets_ExceedsMaxTickets_ThrowsException" classname="ValidatorServiceImplTest" time="0.017">
    <system-out><![CDATA[12:30:54.899 [main] ERROR uk.gov.dwp.uc.pairtest.validation.ValidatorServiceImpl - Cannot purchase more than 5 tickets at a time.
]]></system-out>
  </testcase>
  <testcase name="validateAccount_InvalidAccountId_ReturnsFalse" classname="ValidatorServiceImplTest" time="0.004"/>
  <testcase name="validateTickets_InvalidQuantity_ThrowsException" classname="ValidatorServiceImplTest" time="0.004">
    <system-out><![CDATA[12:30:54.916 [main] ERROR uk.gov.dwp.uc.pairtest.validation.ValidatorServiceImpl - Invalid quantity for ticket type: ADULT
]]></system-out>
  </testcase>
  <testcase name="validateTickets_ValidTickets_NoException" classname="ValidatorServiceImplTest" time="0.002"/>
  <testcase name="validateAccount_ValidAccountId_ReturnsTrue" classname="ValidatorServiceImplTest" time="0.009"/>
</testsuite>